        -:    0:Source:main.c
        -:    0:Graph:main.gcno
        -:    0:Data:main.gcda
        -:    0:Runs:1
        -:    0:Programs:1
        -:    1:#include <stdio.h> // main.c
        -:    2:#include <math.h>
        -:    3:#include <assert.h>
function computeBMI called 1 returned 100% blocks executed 80%
        1:    4:double computeBMI(int kg, int height) {
        1:    5:double BMI = 0.0, M = height/100.0;
        1:    6:if (kg<=0 || height<=0)
branch  0 taken 1 (fallthrough)
branch  1 taken 0
branch  2 taken 0 (fallthrough)
branch  3 taken 1
    #####:    7:return -1;
        1:    8:BMI = round(100*kg/(M*M))/100; //四捨五入取兩位小數
        1:    9:return BMI;
        -:   10:}
function main called 1 returned 100% blocks executed 75%
        1:   11:int main() {
        1:   12:int kg = 52, height = 155;
        1:   13:double expectedResult = 21.64f;
        1:   14:double result = computeBMI(kg, height);
call    0 returned 1
       1*:   15:assert(fabs(result-expectedResult)<0.0001);
branch  0 taken 0 (fallthrough)
branch  1 taken 1
call    2 never executed
        1:   16:printf("Hi\n");
call    0 returned 1
        1:   17:return 0;
        -:   18:}
